


ARM Macro Assembler    Page 1 


    1 00000000         ; Print.s
    2 00000000         ; Student names: change this to your names or look very 
                       silly
    3 00000000         ; Last modification date: change this to the last modifi
                       cation date or look very silly
    4 00000000         ; Runs on LM4F120 or TM4C123
    5 00000000         ; EE319K lab 7 device driver for any LCD
    6 00000000         ;
    7 00000000         ; As part of Lab 7, students need to implement these LCD
                       _OutDec and LCD_OutFix
    8 00000000         ; This driver assumes two low-level LCD functions
    9 00000000         ; ST7735_OutChar   outputs a single 8-bit ASCII characte
                       r
   10 00000000         ; ST7735_OutString outputs a null-terminated string 
   11 00000000         
   12 00000000                 IMPORT           ST7735_OutChar
   13 00000000                 IMPORT           ST7735_OutString
   14 00000000                 EXPORT           LCD_OutDec
   15 00000000                 EXPORT           LCD_OutFix
   16 00000000         
   17 00000000                 AREA             |.text|, CODE, READONLY, ALIGN=
2
   18 00000000                 THUMB
   19 00000000         
   20 00000000         ;-----------------------LCD_OutDec----------------------
                       -
   21 00000000         ; Output a 32-bit number in unsigned decimal format
   22 00000000         ; Input: R0 (call by value) 32-bit unsigned number
   23 00000000         ; Output: none
   24 00000000         ; Invariables: This function must not permanently modify
                        registers R4 to R11
   25 00000000        C 
                       BP      RN               12
   26 00000000 00000000 
                       DECIMAL EQU              0
   27 00000000         LCD_OutDec
   28 00000000 B082            SUB              SP, SP, #8
   29 00000002 F04F 020A       MOV              R2, #10
   30 00000006 46EC            MOV              BP, SP
   31 00000008 F8CC 2000       STR              R2, [BP, #DECIMAL]
   32 0000000C F04F 0400       MOV              R4, #0
   33 00000010 B501            PUSH             {LR, R0}
   34 00000012         iterate
   35 00000012 F8DC 2000       LDR              R2, [BP, #DECIMAL]
   36 00000016 FBB0 F1F2       UDIV             R1, R0, R2
   37 0000001A F8DC 2000       LDR              R2, [BP, #DECIMAL]
   38 0000001E FB01 F102       MUL              R1, R1, R2
   39 00000022 EBA0 0301       SUB              R3, R0, R1
   40 00000026 F103 0330       ADD              R3, #48
   41 0000002A B428            PUSH             {R3, R5}
   42 0000002C F104 0401       ADD              R4, #1
   43 00000030 F8DC 2000       LDR              R2, [BP, #DECIMAL]
   44 00000034 FBB0 F0F2       UDIV             R0, R0, R2
   45 00000038 3000            ADDS             R0, #0
   46 0000003A D1EA            BNE              iterate
   47 0000003C         display
   48 0000003C BC21            POP              {R0, R5}
   49 0000003E F7FF FFFE       BL               ST7735_OutChar
   50 00000042 3C01            SUBS             R4, #1



ARM Macro Assembler    Page 2 


   51 00000044 D1FA            BNE              display
   52 00000046 E8BD 4001       POP              {LR, R0}
   53 0000004A B002            ADD              SP, SP, #8
   54 0000004C 4770            BX               LR
   55 0000004E         ;* * * * * * * * End of LCD_OutDec * * * * * * * *
   56 0000004E         
   57 0000004E         ; -----------------------LCD _OutFix--------------------
                       --
   58 0000004E         ; Output characters to LCD display in fixed-point format
                       
   59 0000004E         ; unsigned decimal, resolution 0.001, range 0.000 to 9.9
                       99
   60 0000004E         ; Inputs:  R0 is an unsigned 32-bit number
   61 0000004E         ; Outputs: none
   62 0000004E         ; E.g., R0=0,    then output "0.000 "
   63 0000004E         ;       R0=3,    then output "0.003 "
   64 0000004E         ;       R0=89,   then output "0.089 "
   65 0000004E         ;       R0=123,  then output "0.123 "
   66 0000004E         ;       R0=9999, then output "9.999 "
   67 0000004E         ;       R0>9999, then output "*.*** "
   68 0000004E         ; Invariables: This function must not permanently modify
                        registers R4 to R11
   69 0000004E 0000270F 
                       BIGNUM  EQU              9999
   70 0000004E         LCD_OutFix
   71 0000004E B501            PUSH             {R0, LR}
   72 00000050 F242 710F       LDR              R1, =BIGNUM
   73 00000054 4288            CMP              R0, R1
   74 00000056 DC02            BGT              CORNER
   75 00000058 2800            CMP              R0, #0
   76 0000005A DB00            BLT              CORNER
   77 0000005C E005            B                REGULAR
   78 0000005E         CORNER
   79 0000005E 4816            LDR              R0, =OVEROUT
   80 00000060 F7FF FFFE       BL               ST7735_OutString
   81 00000064 E8BD 4001       POP{R0,          LR}
   82 00000068 4770            BX               LR
   83 0000006A         
   84 0000006A         REGULAR
   85 0000006A F04F 020A       MOV              R2, #10
   86 0000006E F04F 0404       MOV              R4, #4
   87 00000072         iterate2
   88 00000072 FBB0 F1F2       UDIV             R1, R0, R2
   89 00000076 FB01 F102       MUL              R1, R1, R2
   90 0000007A EBA0 0301       SUB              R3, R0, R1
   91 0000007E F103 0330       ADD              R3, #48
   92 00000082 B428            PUSH             {R3, R5}
   93 00000084 FBB0 F0F2       UDIV             R0, R0, R2
   94 00000088 F100 0000       ADD              R0, #0
   95 0000008C 3C01            SUBS             R4, #1
   96 0000008E D1F0            BNE              iterate2
   97 00000090         putoutfix
   98 00000090 BC21            POP              {R0, R5}
   99 00000092 F7FF FFFE       BL               ST7735_OutChar
  100 00000096 F04F 002E       MOV              R0, #0x2E
  101 0000009A F7FF FFFE       BL               ST7735_OutChar
  102 0000009E F04F 0403       MOV              R4, #3
  103 000000A2         display2
  104 000000A2 BC21            POP              {R0, R5}



ARM Macro Assembler    Page 3 


  105 000000A4 F7FF FFFE       BL               ST7735_OutChar
  106 000000A8 3C01            SUBS             R4, #1
  107 000000AA D1FA            BNE              display2
  108 000000AC E8BD 4001       POP              {LR, R0}
  109 000000B0 4770            BX               LR
  110 000000B2         
  111 000000B2         
  112 000000B2         OVEROUT
  113 000000B2 2A 2E 2A 
              2A 2A 00         DCB              '*', '.', '*', '*', '*', 0
  114 000000B8         ;* * * * * * * * End of LCD_OutFix * * * * * * * *
  115 000000B8         
  116 000000B8                 ALIGN                        ; make sure the end
                                                             of this section is
                                                             aligned
  117 000000B8                 END                          ; end of file
              00000000 
Command Line: --debug --xref --cpu=Cortex-M4 --apcs=interwork --depend=.\print.
d -o.\print.o -IC:\Keil\ARM\RV31\INC -IC:\Keil\ARM\CMSIS\Include -IC:\Keil\ARM\
Inc\Luminary --predefine="__EVAL SETA 1" --list=.\print.lst Print.s



ARM Macro Assembler    Page 1 Alphabetic symbol ordering
Relocatable symbols

.text 00000000

Symbol: .text
   Definitions
      At line 17 in file Print.s
   Uses
      None
Comment: .text unused
CORNER 0000005E

Symbol: CORNER
   Definitions
      At line 78 in file Print.s
   Uses
      At line 74 in file Print.s
      At line 76 in file Print.s

LCD_OutDec 00000000

Symbol: LCD_OutDec
   Definitions
      At line 27 in file Print.s
   Uses
      At line 14 in file Print.s
Comment: LCD_OutDec used once
LCD_OutFix 0000004E

Symbol: LCD_OutFix
   Definitions
      At line 70 in file Print.s
   Uses
      At line 15 in file Print.s
Comment: LCD_OutFix used once
OVEROUT 000000B2

Symbol: OVEROUT
   Definitions
      At line 112 in file Print.s
   Uses
      At line 79 in file Print.s
Comment: OVEROUT used once
REGULAR 0000006A

Symbol: REGULAR
   Definitions
      At line 84 in file Print.s
   Uses
      At line 77 in file Print.s
Comment: REGULAR used once
display 0000003C

Symbol: display
   Definitions
      At line 47 in file Print.s
   Uses
      At line 51 in file Print.s
Comment: display used once
display2 000000A2




ARM Macro Assembler    Page 2 Alphabetic symbol ordering
Relocatable symbols

Symbol: display2
   Definitions
      At line 103 in file Print.s
   Uses
      At line 107 in file Print.s
Comment: display2 used once
iterate 00000012

Symbol: iterate
   Definitions
      At line 34 in file Print.s
   Uses
      At line 46 in file Print.s
Comment: iterate used once
iterate2 00000072

Symbol: iterate2
   Definitions
      At line 87 in file Print.s
   Uses
      At line 96 in file Print.s
Comment: iterate2 used once
putoutfix 00000090

Symbol: putoutfix
   Definitions
      At line 97 in file Print.s
   Uses
      None
Comment: putoutfix unused
11 symbols



ARM Macro Assembler    Page 1 Alphabetic symbol ordering
Absolute symbols

BIGNUM 0000270F

Symbol: BIGNUM
   Definitions
      At line 69 in file Print.s
   Uses
      At line 72 in file Print.s
Comment: BIGNUM used once
DECIMAL 00000000

Symbol: DECIMAL
   Definitions
      At line 26 in file Print.s
   Uses
      At line 31 in file Print.s
      At line 35 in file Print.s
      At line 37 in file Print.s
      At line 43 in file Print.s

2 symbols



ARM Macro Assembler    Page 1 Alphabetic symbol ordering
External symbols

ST7735_OutChar 00000000

Symbol: ST7735_OutChar
   Definitions
      At line 12 in file Print.s
   Uses
      At line 49 in file Print.s
      At line 99 in file Print.s
      At line 101 in file Print.s
      At line 105 in file Print.s

ST7735_OutString 00000000

Symbol: ST7735_OutString
   Definitions
      At line 13 in file Print.s
   Uses
      At line 80 in file Print.s
Comment: ST7735_OutString used once
2 symbols
349 symbols in table
